Starting job 8904504_0
SLURM assigned me the node(s): gpu14

EnvironmentLocationNotFound: Not a conda environment: /ceph/hdd/students/schmitj/miniconda3/base

Experiments are running under the following process IDs:
Experiment ID: 1	Process ID: 3866434

/tmp/7d8ab219-a9c0-467e-8148-6dab8fcc7e35/dataset/trajctory_dataset.py:191: UserWarning: Creating a tensor from a list of numpy.ndarrays is extremely slow. Please consider converting the list to a single numpy.ndarray with numpy.array() before converting to a tensor. (Triggered internally at /opt/conda/conda-bld/pytorch_1711403246168/work/torch/csrc/utils/tensor_new.cpp:275.)
  edge_coordinates = torch.tensor(trajectory.get('edge_coordinates', []), dtype=torch.float)
tensor([[28, 24, 21,  9,  8]])
tensor([[0., 0., 0., 0., 0., 0., 0., 0., 1., 1., 0., 0., 0., 0., 0., 0., 0., 0.,
         0., 0., 0., 1., 0., 0., 1., 0., 0., 0., 1., 0., 0., 0., 0., 0., 0., 0.,
         0., 0., 0., 0., 0., 0., 0., 0.]])
tensor([[36, 37, 34, 42, 40]])
tensor([[0., 0., 0., 0., 0., 0., 0., 0., 0., 0., 0., 0., 0., 0., 0., 0., 0., 0.,
         0., 0., 0., 0., 0., 0., 0., 0., 0., 0., 0., 0., 0., 0., 0., 0., 1., 0.,
         1., 1., 0., 0., 1., 0., 1., 0.]])
[07:34:36] INFO     Running command 'main'                            run.py:324
           INFO     Started run with ID "1"                           run.py:342
wandb: Currently logged in as: joeschmit99. Use `wandb login --relogin` to force relogin
wandb: wandb version 0.16.6 is available!  To upgrade, please run:
wandb:  $ pip install wandb --upgrade
wandb: Tracking run with wandb version 0.16.5
wandb: Run data is saved locally in /ceph/hdd/students/schmitj/MA_Diffusion_based_trajectory_prediction/wandb/run-20240503_073438-9yfjhsw2
wandb: Run `wandb offline` to turn off syncing.
wandb: Syncing run leafy-firefly-43
wandb: â­ï¸ View project at https://wandb.ai/joeschmit99/trajectory_prediction_using_denoising_diffusion_models
wandb: ðŸš€ View run at https://wandb.ai/joeschmit99/trajectory_prediction_using_denoising_diffusion_models/runs/9yfjhsw2/workspace
> Training Dataset loaded!
> Test Dataset loaded!
> Model built!
Parameters to optimize:
time_linear0.weight
time_linear0.bias
time_linear1.weight
time_linear1.bias
conv1.att_src
conv1.att_dst
conv1.att_edge
conv1.bias
conv1.lin.weight
conv1.lin_edge.weight
conv2.att_src
conv2.att_dst
conv2.att_edge
conv2.bias
conv2.lin.weight
conv2.lin_edge.weight
edge_embedding.weight
edge_embedding.bias
history_encoder.weight
history_encoder.bias
future_decoder.weight
future_decoder.bias
adjust_to_future_len.weight
adjust_to_future_len.bias
> Optimizer built!
[07:34:43] INFO     Model loaded!              d3pm_graph_diffusion_model.py:197
  0%|          | 0/8 [00:00<?, ?it/s] 12%|â–ˆâ–Ž        | 1/8 [00:12<01:26, 12.34s/it] 25%|â–ˆâ–ˆâ–Œ       | 2/8 [00:23<01:10, 11.74s/it] 38%|â–ˆâ–ˆâ–ˆâ–Š      | 3/8 [00:35<00:57, 11.59s/it] 50%|â–ˆâ–ˆâ–ˆâ–ˆâ–ˆ     | 4/8 [00:46<00:45, 11.47s/it] 62%|â–ˆâ–ˆâ–ˆâ–ˆâ–ˆâ–ˆâ–Ž   | 5/8 [00:57<00:34, 11.44s/it] 75%|â–ˆâ–ˆâ–ˆâ–ˆâ–ˆâ–ˆâ–ˆâ–Œ  | 6/8 [01:08<00:22, 11.38s/it] 88%|â–ˆâ–ˆâ–ˆâ–ˆâ–ˆâ–ˆâ–ˆâ–ˆâ–Š | 7/8 [01:20<00:11, 11.34s/it]100%|â–ˆâ–ˆâ–ˆâ–ˆâ–ˆâ–ˆâ–ˆâ–ˆâ–ˆâ–ˆ| 8/8 [01:31<00:00, 11.35s/it]100%|â–ˆâ–ˆâ–ˆâ–ˆâ–ˆâ–ˆâ–ˆâ–ˆâ–ˆâ–ˆ| 8/8 [01:31<00:00, 11.45s/it]
[07:36:15] INFO     Result: {'sample_list': [tensor([[[12],           run.py:241
                             [23]]]), tensor([[[12],                            
                             [12]]]), tensor([[[10],                            
                             [13]]]), tensor([[[ 4],                            
                             [10]]]), tensor([[[ 4],                            
                             [12]]]), tensor([[[40],                            
                             [18]]]), tensor([[[13],                            
                             [23]]]), tensor([[[12],                            
                             [43]]])], 'ground_truth_hist':                     
                    [tensor([[29, 27, 28, 24,  1]]), tensor([[41, 38,           
                    37, 35, 28]]), tensor([[30, 22, 10, 11,  4]]),              
                    tensor([[ 2, 21, 23, 26, 32]]), tensor([[19, 18,            
                    25, 33, 31]]), tensor([[34, 42, 41, 36, 35]]),              
                    tensor([[21, 10, 11, 12, 13]]), tensor([[28, 24,            
                    21,  2,  0]])], 'ground_truth_fut': [tensor([[0,            
                    3]]), tensor([[24, 21]]), tensor([[3, 0]]),                 
                    tensor([[25, 40]]), tensor([[26, 23]]),                     
                    tensor([[27, 29]]), tensor([[16, 17]]),                     
                    tensor([[3, 4]])]}                                          
           INFO     Completed after 0:01:39                           run.py:243
wandb: - 0.005 MB of 0.005 MB uploadedwandb: \ 0.005 MB of 0.018 MB uploadedwandb: | 0.018 MB of 0.018 MB uploadedwandb: ðŸš€ View run leafy-firefly-43 at: https://wandb.ai/joeschmit99/trajectory_prediction_using_denoising_diffusion_models/runs/9yfjhsw2/workspace
wandb: Synced 6 W&B file(s), 0 media file(s), 0 artifact file(s) and 0 other file(s)
wandb: Find logs at: ./wandb/run-20240503_073438-9yfjhsw2/logs
